OpenJDK 64-Bit Server VM (25.192-b01) for linux-amd64 JRE (1.8.0_192-b01), built on Oct 17 2018 08:31:20 by "zulu_re" with gcc 4.4.7 20120313 (Red Hat 4.4.7-3)
Memory: 4k page, physical 65693176k(8506264k free), swap 4194300k(1829612k free)
CommandLine flags: -XX:GCHeapFreeLimit=10 -XX:GCTimeLimit=50 -XX:InitialHeapSize=3145728000 -XX:MaxHeapSize=16817453056 -XX:+PrintFlagsFinal -XX:+PrintGC -XX:+PrintGCTimeStamps -XX:+UseCompressedClassPointers -XX:+UseCompressedOops -XX:+UseParallelGC 
2.208: [GC (Metadata GC Threshold)  153600K->18370K(2944000K), 0.0290601 secs]
2.237: [Full GC (Metadata GC Threshold)  18370K->17261K(2944000K), 0.0796749 secs]
6.650: [GC (Metadata GC Threshold)  447345K->35972K(3425792K), 1.2282164 secs]
7.878: [Full GC (Metadata GC Threshold)  35972K->20953K(3425792K), 0.1230486 secs]
28.111: [GC (Allocation Failure)  1379801K->27693K(3602944K), 0.2672338 secs]
41.725: [GC (Allocation Failure)  1454637K->25228K(4545536K), 0.4494043 secs]
67.448: [GC (Allocation Failure)  2394764K->25236K(4545536K), 0.0077531 secs]
88.355: [GC (Allocation Failure)  2394772K->25792K(5894144K), 0.6073678 secs]
130.475: [GC (Allocation Failure)  3866816K->25952K(5961728K), 0.0108488 secs]
166.039: [GC (Allocation Failure)  3916640K->26579K(7498240K), 0.0079401 secs]
217.392: [GC (Allocation Failure)  5455827K->26950K(7499264K), 0.0057022 secs]
268.052: [GC (Allocation Failure)  5456198K->27462K(7499776K), 0.0050177 secs]
317.459: [GC (Allocation Failure)  5458246K->27109K(7500288K), 0.0067905 secs]
363.555: [GC (Allocation Failure)  5457893K->27717K(7499264K), 0.0056265 secs]
397.392: [GC (Allocation Failure)  5460037K->27527K(7272960K), 0.0050924 secs]
424.327: [GC (Allocation Failure)  5249927K->27175K(7072768K), 0.0074170 secs]
448.294: [GC (Allocation Failure)  5049895K->27271K(6882304K), 0.0043102 secs]
474.439: [GC (Allocation Failure)  4859527K->27591K(6701568K), 0.0151040 secs]
498.107: [GC (Allocation Failure)  4678599K->27367K(6528512K), 0.0047329 secs]
521.361: [GC (Allocation Failure)  4505319K->27238K(6363136K), 0.0045073 secs]
542.474: [GC (Allocation Failure)  4340326K->27107K(6205952K), 0.0105473 secs]
564.387: [GC (Allocation Failure)  4183011K->27299K(6055936K), 0.0060629 secs]
590.836: [GC (Allocation Failure)  4033187K->27226K(5913088K), 0.0041581 secs]
621.562: [GC (Allocation Failure)  3890266K->27506K(5775872K), 0.0053123 secs]
653.148: [GC (Allocation Failure)  3753842K->27497K(5645312K), 0.0034965 secs]
684.188: [GC (Allocation Failure)  3623785K->27548K(5520896K), 0.3135143 secs]
714.523: [GC (Allocation Failure)  3499420K->27588K(5412864K), 0.0027885 secs]
742.301: [GC (Allocation Failure)  3380676K->27567K(5288448K), 0.0048614 secs]
771.473: [GC (Allocation Failure)  3266991K->28271K(5189632K), 0.0034009 secs]
798.854: [GC (Allocation Failure)  3159151K->28655K(5077504K), 0.0060693 secs]
826.751: [GC (Allocation Failure)  3056111K->27589K(4977664K), 0.0037756 secs]
851.205: [GC (Allocation Failure)  2956229K->27139K(4882432K), 0.0024725 secs]
876.470: [GC (Allocation Failure)  2861059K->27171K(4800000K), 0.0022873 secs]
896.319: [GC (Allocation Failure)  2770467K->27075K(4705280K), 0.0041294 secs]
920.703: [GC (Allocation Failure)  2683843K->27171K(4629504K), 0.0025513 secs]
944.984: [GC (Allocation Failure)  2600995K->27139K(4542976K), 0.0028319 secs]
966.393: [GC (Allocation Failure)  2521603K->27169K(4473856K), 0.0029715 secs]
989.232: [GC (Allocation Failure)  2445857K->27107K(4394496K), 0.0032633 secs]
1011.581: [GC (Allocation Failure)  2373091K->27139K(4331008K), 0.0028476 secs]
1031.549: [GC (Allocation Failure)  2303491K->27203K(4258304K), 0.0026530 secs]
1052.660: [GC (Allocation Failure)  2236995K->27107K(4199424K), 0.0036816 secs]
1068.906: [GC (Allocation Failure)  2172899K->27075K(4132864K), 0.0040977 secs]
1087.343: [GC (Allocation Failure)  2111427K->27201K(4078592K), 0.0029424 secs]
1105.453: [GC (Allocation Failure)  2052673K->27107K(4017664K), 0.0039742 secs]
1125.086: [GC (Allocation Failure)  1996259K->27075K(3967488K), 0.0037380 secs]
1143.470: [GC (Allocation Failure)  1941955K->27171K(3911168K), 0.0042148 secs]
1160.730: [GC (Allocation Failure)  1889827K->27129K(3864576K), 0.0030400 secs]
1175.714: [GC (Allocation Failure)  1839609K->27097K(3812864K), 0.0072296 secs]
1192.997: [GC (Allocation Failure)  1791449K->27161K(3769856K), 0.0024346 secs]
1211.148: [GC (Allocation Failure)  1745433K->27129K(3722240K), 0.0030093 secs]
1223.834: [GC (Allocation Failure)  1700857K->27129K(3682304K), 0.0039869 secs]
1237.251: [GC (Allocation Failure)  1658361K->27161K(3638784K), 0.0035175 secs]
1252.782: [GC (Allocation Failure)  1617433K->27129K(3601920K), 0.0049368 secs]
1264.930: [GC (Allocation Failure)  1577977K->27321K(3561472K), 0.0071423 secs]
1279.496: [GC (Allocation Failure)  1540281K->27097K(3527168K), 0.0026277 secs]
1294.364: [GC (Allocation Failure)  1503705K->27105K(3489792K), 0.0029846 secs]
1307.571: [GC (Allocation Failure)  1468385K->27113K(3458048K), 0.0049881 secs]
1321.007: [GC (Allocation Failure)  1434601K->27145K(3423232K), 0.0024012 secs]
1334.138: [GC (Allocation Failure)  1401865K->27433K(3393024K), 0.0024186 secs]
1346.610: [GC (Allocation Failure)  1370409K->27177K(3360768K), 0.0026776 secs]
1358.509: [GC (Allocation Failure)  1339433K->27113K(3333120K), 0.0016064 secs]
1371.070: [GC (Allocation Failure)  1310185K->27177K(3303424K), 0.0027746 secs]
1383.022: [GC (Allocation Failure)  1282089K->27209K(3276800K), 0.0063171 secs]
1394.767: [GC (Allocation Failure)  1254473K->27121K(3249152K), 0.0186081 secs]
1404.930: [GC (Allocation Failure)  1227761K->27153K(3224576K), 0.0026647 secs]
1414.156: [GC (Allocation Failure)  1202193K->27153K(3198976K), 0.0020563 secs]
1424.187: [GC (Allocation Failure)  1177617K->27153K(3175936K), 0.0034070 secs]
1435.243: [GC (Allocation Failure)  1153553K->27121K(3151872K), 0.0030768 secs]
1446.169: [GC (Allocation Failure)  1130481K->27153K(3129856K), 0.0023416 secs]
1455.830: [GC (Allocation Failure)  1107985K->27153K(3107840K), 0.0018146 secs]
1464.245: [GC (Allocation Failure)  1086481K->27185K(3087360K), 0.0038477 secs]
1473.920: [GC (Allocation Failure)  1065521K->27121K(7321088K), 0.0041522 secs]
1525.667: [GC (Allocation Failure)  5299697K->27153K(7119360K), 0.0087709 secs]
1572.764: [GC (Allocation Failure)  5097489K->27153K(6926336K), 0.0032808 secs]
1620.689: [GC (Allocation Failure)  4904977K->27185K(6743040K), 0.0018438 secs]
1665.204: [GC (Allocation Failure)  4721201K->27281K(6567424K), 0.0050797 secs]
1706.494: [GC (Allocation Failure)  4546193K->27737K(6401024K), 0.0055995 secs]
1744.859: [GC (Allocation Failure)  4379737K->27689K(6241792K), 0.0033374 secs]
1783.594: [GC (Allocation Failure)  4220457K->27873K(6090240K), 0.0032152 secs]
1821.048: [GC (Allocation Failure)  4069089K->28001K(5944832K), 0.0074702 secs]
1856.872: [GC (Allocation Failure)  3924321K->28020K(5807616K), 0.0089276 secs]
1891.885: [GC (Allocation Failure)  3786100K->28001K(5675008K), 0.0045845 secs]
1927.693: [GC (Allocation Failure)  3654497K->28033K(5550080K), 0.0042047 secs]
1959.955: [GC (Allocation Failure)  3528577K->27956K(5429248K), 0.0050129 secs]
1990.106: [GC (Allocation Failure)  3408692K->27988K(5315584K), 0.0021913 secs]
2022.069: [GC (Allocation Failure)  3294036K->28001K(5204992K), 0.0032221 secs]
2052.568: [GC (Allocation Failure)  3184481K->28065K(5101056K), 0.0030562 secs]
2083.411: [GC (Allocation Failure)  3080097K->28001K(5000704K), 0.0033122 secs]
2110.566: [GC (Allocation Failure)  2980193K->28001K(4905472K), 0.0025882 secs]
2140.172: [GC (Allocation Failure)  2884449K->28033K(4813824K), 0.0023894 secs]
2166.756: [GC (Allocation Failure)  2792833K->28049K(4726272K), 0.0032245 secs]
2188.638: [GC (Allocation Failure)  2705297K->28052K(4642304K), 0.0023044 secs]
2209.143: [GC (Allocation Failure)  2621844K->28059K(4562944K), 0.0053995 secs]
2230.125: [GC (Allocation Failure)  2541979K->28027K(4485632K), 0.0049185 secs]
2254.293: [GC (Allocation Failure)  2465147K->28028K(4412928K), 0.0028170 secs]
2275.809: [GC (Allocation Failure)  2391932K->28052K(4342272K), 0.0043663 secs]
2296.182: [GC (Allocation Failure)  2321812K->28533K(4275200K), 0.0060027 secs]
2315.645: [GC (Allocation Failure)  2254709K->28989K(4210688K), 0.0033703 secs]
2334.892: [GC (Allocation Failure)  2190653K->29469K(4149248K), 0.0339260 secs]
2354.993: [GC (Allocation Failure)  2129181K->28515K(4088832K), 0.0022415 secs]
2373.565: [GC (Allocation Failure)  2068835K->28811K(4033024K), 0.0066606 secs]
2391.949: [GC (Allocation Failure)  2012299K->28939K(3977728K), 0.0073607 secs]
2411.344: [GC (Allocation Failure)  1957643K->29835K(3925504K), 0.0031677 secs]
2427.586: [GC (Allocation Failure)  1905803K->29065K(3874304K), 0.0047160 secs]
2444.535: [GC (Allocation Failure)  1854345K->29545K(3826176K), 0.0065020 secs]
2460.392: [GC (Allocation Failure)  1806185K->29641K(3779584K), 0.0031591 secs]
2475.094: [GC (Allocation Failure)  1759689K->28775K(3734016K), 0.0053407 secs]
2491.382: [GC (Allocation Failure)  1714279K->28903K(3691520K), 0.0023964 secs]
2508.095: [GC (Allocation Failure)  1671399K->29159K(3650048K), 0.0043569 secs]
2524.274: [GC (Allocation Failure)  1630183K->29383K(3610624K), 0.0029398 secs]
2538.706: [GC (Allocation Failure)  1590471K->29799K(3572224K), 0.0051258 secs]
2551.771: [GC (Allocation Failure)  1552487K->28708K(3534336K), 0.0034351 secs]
2565.090: [GC (Allocation Failure)  1514532K->28780K(3500032K), 0.0028375 secs]
2578.215: [GC (Allocation Failure)  1478764K->29100K(3464704K), 0.0041731 secs]
2591.376: [GC (Allocation Failure)  1444780K->29364K(3431936K), 0.0084223 secs]
2602.806: [GC (Allocation Failure)  1411764K->29620K(3400192K), 0.0037155 secs]
2614.499: [GC (Allocation Failure)  1380276K->28817K(3368448K), 0.0026548 secs]
2626.231: [GC (Allocation Failure)  1348753K->28977K(3339264K), 0.0023250 secs]
2637.301: [GC (Allocation Failure)  1319217K->29265K(3310592K), 0.0038687 secs]
2648.682: [GC (Allocation Failure)  1290833K->29361K(3283456K), 0.0022275 secs]
2659.267: [GC (Allocation Failure)  1263281K->29103K(3256320K), 0.0024763 secs]
2669.808: [GC (Allocation Failure)  1236399K->28847K(3230720K), 0.0028191 secs]
2681.442: [GC (Allocation Failure)  1210543K->29135K(3206656K), 0.0034090 secs]
2692.504: [GC (Allocation Failure)  1185743K->29295K(3181568K), 0.0041348 secs]
2704.040: [GC (Allocation Failure)  1161839K->29455K(3159040K), 0.0027082 secs]
2713.271: [GC (Allocation Failure)  1138959K->28796K(3135488K), 0.0061321 secs]
2722.971: [GC (Allocation Failure)  1115772K->28636K(3115008K), 0.0045522 secs]
2730.862: [GC (Allocation Failure)  1093596K->28644K(3092480K), 0.0114835 secs]
2739.924: [GC (Allocation Failure)  1072612K->28644K(3073536K), 0.0052566 secs]
2749.600: [GC (Allocation Failure)  1052132K->28612K(7293440K), 0.0043537 secs]
2794.641: [GC (Allocation Failure)  5273540K->28676K(7093760K), 0.0027423 secs]
2842.893: [GC (Allocation Failure)  5072900K->28644K(6901248K), 0.0069273 secs]
2885.589: [GC (Allocation Failure)  4881380K->28676K(6720000K), 0.0022205 secs]
2928.204: [GC (Allocation Failure)  4699140K->28644K(6544896K), 0.0042157 secs]
2965.689: [GC (Allocation Failure)  4525028K->28612K(6380032K), 0.0045370 secs]
3008.442: [GC (Allocation Failure)  4359108K->28612K(6220800K), 0.0046748 secs]
3043.122: [GC (Allocation Failure)  4200900K->28612K(6071296K), 0.0036480 secs]
3080.291: [GC (Allocation Failure)  4050372K->28612K(5926400K), 0.0058783 secs]
3117.842: [GC (Allocation Failure)  3906500K->28612K(5790208K), 0.0049207 secs]
3152.001: [GC (Allocation Failure)  3769284K->28644K(5658112K), 0.0037167 secs]
3184.940: [GC (Allocation Failure)  3638244K->28612K(5534208K), 0.0059600 secs]
3212.568: [GC (Allocation Failure)  3513284K->28772K(5413888K), 0.0030969 secs]
3243.046: [GC (Allocation Failure)  3394148K->28620K(5300224K), 0.0073588 secs]
3271.352: [GC (Allocation Failure)  3279820K->28748K(5190656K), 0.0026370 secs]
3301.271: [GC (Allocation Failure)  3170892K->28652K(5087232K), 0.0029043 secs]
3327.040: [GC (Allocation Failure)  3066860K->28684K(4987392K), 0.0059407 secs]
3351.462: [GC (Allocation Failure)  2967564K->28716K(4892672K), 0.0022839 secs]
3378.646: [GC (Allocation Failure)  2872364K->28684K(4801024K), 0.0027799 secs]
3401.238: [GC (Allocation Failure)  2781196K->28684K(4714496K), 0.0030544 secs]
3423.959: [GC (Allocation Failure)  2694156K->28748K(4631040K), 0.0025929 secs]
3443.676: [GC (Allocation Failure)  2611276K->28670K(4551680K), 0.0035708 secs]
3464.551: [GC (Allocation Failure)  2531326K->28716K(4474880K), 0.0032246 secs]
3482.611: [GC (Allocation Failure)  2455084K->28652K(4402176K), 0.0152491 secs]
3505.904: [GC (Allocation Failure)  2381804K->28684K(4331520K), 0.0034433 secs]
3527.358: [GC (Allocation Failure)  2311692K->28716K(4264960K), 0.0024298 secs]
3546.167: [GC (Allocation Failure)  2244652K->28646K(4200448K), 0.0036250 secs]
3563.518: [GC (Allocation Failure)  2180582K->28678K(4139520K), 0.0040977 secs]
3582.201: [GC (Allocation Failure)  2119174K->28934K(4080128K), 0.0207773 secs]
3597.587: [GC (Allocation Failure)  2060550K->28774K(4023808K), 0.0068888 secs]
3612.377: [GC (Allocation Failure)  2003558K->29854K(3969536K), 0.0146363 secs]
3628.526: [GC (Allocation Failure)  1950366K->29022K(3916800K), 0.0034316 secs]
3641.764: [GC (Allocation Failure)  1897310K->28958K(3866624K), 0.0035860 secs]
3656.644: [GC (Allocation Failure)  1847070K->28926K(3819008K), 0.0055488 secs]
3671.228: [GC (Allocation Failure)  1798910K->28990K(3771904K), 0.0128525 secs]
3684.444: [GC (Allocation Failure)  1752382K->29333K(3727872K), 0.0058648 secs]
3697.779: [GC (Allocation Failure)  1708181K->29565K(3684864K), 0.0056287 secs]
3709.229: [GC (Allocation Failure)  1665405K->29789K(3643904K), 0.0166277 secs]
3720.595: [GC (Allocation Failure)  1624669K->30061K(3603968K), 0.0039463 secs]
